Command: vcs -timescale=1ns/1fs -j4 -sverilog +v2k -full64 -Mupdate -R -debug_access+all \
-y /usr/cad/synopsys/synthesis/cur/dw/sim_ver/ +libext+.v -f filelist.f -o simv -l \
vcs.log -P /usr/cad/synopsys/verdi/2019.06//share/PLI/VCS/linux64/novas.tab /usr/cad/synopsys/verdi/2019.06//share/PLI/VCS/linux64/pli.a \
+define+RTL +define+DRAM_PAT1 +define+PERF +notimingchecks
*** Using c compiler gcc instead of cc ...
                         Chronologic VCS (TM)
         Version T-2022.06_Full64 -- Mon Nov 18 23:32:18 2024

                    Copyright (c) 1991 - 2022 Synopsys, Inc.
   This software and the associated documentation are proprietary to Synopsys,
 Inc. This software may only be used in accordance with the terms and conditions
 of a written license agreement with Synopsys, Inc. All other use, reproduction,
   or distribution of this software is strictly prohibited.  Licensed Products
     communicate with Synopsys servers for the purpose of providing software
    updates, detecting software piracy and verifying that customers are using
    Licensed Products in conformity with the applicable License Key for such
  Licensed Products. Synopsys will use information gathered in connection with
    this process to deliver software updates and pursue software pirates and
                                   infringers.

 Inclusivity & Diversity - Visit SolvNetPlus to read the "Synopsys Statement on
            Inclusivity and Diversity" (Refer to article 000036315 at
                        https://solvnetplus.synopsys.com)

Parsing design file 'TESTBED.v'
Parsing included file 'PATTERN.v'.
Parsing included file '../00_TESTBED/pseudo_DRAM.v'.
Back to file 'PATTERN.v'.
Back to file 'TESTBED.v'.
Parsing included file 'ISP.v'.
Back to file 'TESTBED.v'.

Error-[SFCOR] Source file cannot be opened
  Source file "./04_MEM/SUMA180_1024X8X1BM2.v" cannot be opened for reading 
  due to 'No such file or directory'.
  Please fix above issue and compile again.
  
  

1 error
CPU time: .208 seconds to compile
